targetImport is: $PROJECT_ROOT/tests/../test/util
FileSystem.sync.info(targetImport).isFile is: false
targetImportAsTypeScript is: $PROJECT_ROOT/tests/../test/util.ts
FileSystem.sync.info(targetImportAsTypeScript).isFile is: false
targetImport is: $PROJECT_ROOT/tests/../test/./sideeffect
FileSystem.sync.info(targetImport).isFile is: false
targetImportAsTypeScript is: $PROJECT_ROOT/tests/../test/./sideeffect.ts
FileSystem.sync.info(targetImportAsTypeScript).isFile is: false
targetImport is: $PROJECT_ROOT/tests/../test/./input_file
FileSystem.sync.info(targetImport).isFile is: false
targetImportAsTypeScript is: $PROJECT_ROOT/tests/../test/./input_file.ts
FileSystem.sync.info(targetImportAsTypeScript).isFile is: true
targetImport is: $PROJECT_ROOT/tests/../test/somewhere
FileSystem.sync.info(targetImport).isFile is: false
targetImportAsTypeScript is: $PROJECT_ROOT/tests/../test/somewhere.ts
FileSystem.sync.info(targetImportAsTypeScript).isFile is: false
targetImport is: $PROJECT_ROOT/tests/../test/./sideeffect
FileSystem.sync.info(targetImport).isFile is: false
targetImportAsTypeScript is: $PROJECT_ROOT/tests/../test/./sideeffect.ts
FileSystem.sync.info(targetImportAsTypeScript).isFile is: false
requireArgs, statementText, statement is: './bundle-url' require('./bundle-url') {
  type: "call_expression",
  typeId: 190,
  startPosition: { row: 42, column: 18 },
  startIndex: 1087,
  endPosition: { row: 42, column: 41 },
  endIndex: 1110,
  indent: undefined,
  hasChildren: true,
  children: [
    {
      type: "identifier",
      typeId: 1,
      startPosition: { row: 42, column: 18 },
      startIndex: 1087,
      endPosition: { row: 42, column: 25 },
      endIndex: 1094,
      indent: undefined,
      hasChildren: false,
      children: []
    },
    {
      type: "arguments",
      typeId: 211,
      startPosition: { row: 42, column: 25 },
      startIndex: 1094,
      endPosition: { row: 42, column: 41 },
      endIndex: 1110,
      indent: undefined,
      hasChildren: true,
      children: [
        {
          type: "(",
          typeId: 19,
          startPosition: { row: 42, column: 25 },
          startIndex: 1094,
          endPosition: { row: 42, column: 26 },
          endIndex: 1095,
          indent: undefined,
          hasChildren: false,
          children: []
        },
        {
          type: "string",
          typeId: 206,
          startPosition: { row: 42, column: 26 },
          startIndex: 1095,
          endPosition: { row: 42, column: 40 },
          endIndex: 1109,
          indent: undefined,
          hasChildren: true,
          children: [
            {
              type: "'",
              typeId: 99,
              startPosition: { row: 42, column: 26 },
              startIndex: 1095,
              endPosition: { row: 42, column: 27 },
              endIndex: 1096,
              indent: undefined,
              hasChildren: false,
              children: []
            },
            {
              type: "string_fragment",
              typeId: 100,
              startPosition: { row: 42, column: 27 },
              startIndex: 1096,
              endPosition: { row: 42, column: 39 },
              endIndex: 1108,
              indent: undefined,
              hasChildren: false,
              children: []
            },
            {
              type: "'",
              typeId: 99,
              startPosition: { row: 42, column: 39 },
              startIndex: 1108,
              endPosition: { row: 42, column: 40 },
              endIndex: 1109,
              indent: undefined,
              hasChildren: false,
              children: []
            }
          ]
        },
        {
          type: ")",
          typeId: 20,
          startPosition: { row: 42, column: 40 },
          startIndex: 1109,
          endPosition: { row: 42, column: 41 },
          endIndex: 1110,
          indent: undefined,
          hasChildren: false,
          children: []
        }
      ]
    }
  ]
}
requireArgs, statementText, statement is: './bundle-url' require('./bundle-url') {
  type: "call_expression",
  typeId: 190,
  startPosition: { row: 49, column: 21 },
  startIndex: 1414,
  endPosition: { row: 49, column: 44 },
  endIndex: 1437,
  indent: undefined,
  hasChildren: true,
  children: [
    {
      type: "identifier",
      typeId: 1,
      startPosition: { row: 49, column: 21 },
      startIndex: 1414,
      endPosition: { row: 49, column: 28 },
      endIndex: 1421,
      indent: undefined,
      hasChildren: false,
      children: []
    },
    {
      type: "arguments",
      typeId: 211,
      startPosition: { row: 49, column: 28 },
      startIndex: 1421,
      endPosition: { row: 49, column: 44 },
      endIndex: 1437,
      indent: undefined,
      hasChildren: true,
      children: [
        {
          type: "(",
          typeId: 19,
          startPosition: { row: 49, column: 28 },
          startIndex: 1421,
          endPosition: { row: 49, column: 29 },
          endIndex: 1422,
          indent: undefined,
          hasChildren: false,
          children: []
        },
        {
          type: "string",
          typeId: 206,
          startPosition: { row: 49, column: 29 },
          startIndex: 1422,
          endPosition: { row: 49, column: 43 },
          endIndex: 1436,
          indent: undefined,
          hasChildren: true,
          children: [
            {
              type: "'",
              typeId: 99,
              startPosition: { row: 49, column: 29 },
              startIndex: 1422,
              endPosition: { row: 49, column: 30 },
              endIndex: 1423,
              indent: undefined,
              hasChildren: false,
              children: []
            },
            {
              type: "string_fragment",
              typeId: 100,
              startPosition: { row: 49, column: 30 },
              startIndex: 1423,
              endPosition: { row: 49, column: 42 },
              endIndex: 1435,
              indent: undefined,
              hasChildren: false,
              children: []
            },
            {
              type: "'",
              typeId: 99,
              startPosition: { row: 49, column: 42 },
              startIndex: 1435,
              endPosition: { row: 49, column: 43 },
              endIndex: 1436,
              indent: undefined,
              hasChildren: false,
              children: []
            }
          ]
        },
        {
          type: ")",
          typeId: 20,
          startPosition: { row: 49, column: 43 },
          startIndex: 1436,
          endPosition: { row: 49, column: 44 },
          endIndex: 1437,
          indent: undefined,
          hasChildren: false,
          children: []
        }
      ]
    }
  ]
}
targetImport is: $PROJECT_ROOT/tests/../test/input_file
FileSystem.sync.info(targetImport).isFile is: false
targetImportAsTypeScript is: $PROJECT_ROOT/tests/../test/input_file.ts
FileSystem.sync.info(targetImportAsTypeScript).isFile is: true
targetImport is: $PROJECT_ROOT/tests/../test/other-thingy/somewhere
FileSystem.sync.info(targetImport).isFile is: false
targetImportAsTypeScript is: $PROJECT_ROOT/tests/../test/other-thingy/somewhere.ts
FileSystem.sync.info(targetImportAsTypeScript).isFile is: false
targetImport is: $PROJECT_ROOT/tests/../test/other-thingy/somewhere
FileSystem.sync.info(targetImport).isFile is: false
targetImportAsTypeScript is: $PROJECT_ROOT/tests/../test/other-thingy/somewhere.ts
FileSystem.sync.info(targetImportAsTypeScript).isFile is: false
targetImport is: $PROJECT_ROOT/tests/../test/other-thingy/somewhere
FileSystem.sync.info(targetImport).isFile is: false
targetImportAsTypeScript is: $PROJECT_ROOT/tests/../test/other-thingy/somewhere.ts
FileSystem.sync.info(targetImportAsTypeScript).isFile is: false
"use strict";module = module||{};module.exports=module.exports||{};
// blah
"use strict";

// FIXME: the backticks are not supported yet
import { TextDecoder, TextEncoder } from "node:util"

// here
import "./sideeffect.js"
import "./input_file.ts"
import "./input_file.ts"
import { thing88 as t } from "this_works.js"
import tt from "this_works.js"
import {ttt} from "this_works.js"
import { thing87 as tttt } from "this_works.js"
import { thing87 as ttttt } from "this_works.js"
export * from "this_works.js"
export { thing } from "npm:somewhere" /* CHECKME: unclear if file import, assuming npm */
// here end

exports.getBundleURL = getBundleURLCached;
exports.getBaseURL = getBaseURL;

import "./sideeffect.js"
function getBundleURL() {
  // Attempt to find the URL of the current script and use that as the base URL
  try {
    throw new Error();
  } catch (err) {
    var matches = ('' + err.stack).match(/(https?|file|ftp|chrome-extension|moz-extension):\/\/[^)\n]+/g);

    if (matches) {
      return getBaseURL(matches[0]);
    }
  }

  return '/';
}

function getBaseURL(url) {
  return ('' + url).replace(/^((?:https?|file|ftp|chrome-extension|moz-extension):\/\/.+)\/[^/]+$/, '$1') + '/';
}

var cantHandle1 = import { thing } from "this_works.js".thing57.thing58;
import { thing57 as canHandle1 } from "this_works.js"
import canHandle2 from "this_works.js"
import {canHandle3} from "this_works.js"
import { thing67 as tempVar$eqncpwiy5y } from "this_works.js"; var {canHandle4} = tempVar$eqncpwiy5y
import { thing67 as tempVar$dza9ou4ccx9 } from "this_works.js"; var {canHandle4} = tempVar$dza9ou4ccx9
{{{{{{
    var canHandle2 = import { thing } from "this_works.js";
}}}}}}
import varBundle from "this_works.js"
import letBundle from "this_works.js"
import constBundle from "this_works.js"

import { thing99 } from "input_file.ts"
import { thing4 } from "input_file.ts"
import { thing4 as  renameded } from "npm:other-thingy/somewhere"
import { thing } from "npm:other-thingy/somewhere"
import { thing2 as  renamedThing } from "npm:other-thingy/somewhere"

hello.thing
hello.thing.thingy
module.exports = {}

;export default module.exports
